<?xml version="1.0" encoding="UTF-8"?>
<testsuite xmlns:xsi="http://www.w3.org/2001/XMLSchema-instance" xsi:noNamespaceSchemaLocation="https://maven.apache.org/surefire/maven-surefire-plugin/xsd/surefire-test-report-3.0.xsd" version="3.0" name="ProductoControllerTest" time="5.905" tests="3" errors="0" skipped="0" failures="0">
  <properties>
    <property name="java.specification.version" value="20"/>
    <property name="sun.jnu.encoding" value="UTF-8"/>
    <property name="java.class.path" value="/Users/miguelfaubla/NetBeansProjects/SistemaInventario/target/test-classes:/Users/miguelfaubla/NetBeansProjects/SistemaInventario/target/classes:/Users/miguelfaubla/.m2/repository/org/postgresql/postgresql/42.7.4/postgresql-42.7.4.jar:/Users/miguelfaubla/.m2/repository/org/checkerframework/checker-qual/3.42.0/checker-qual-3.42.0.jar:/Users/miguelfaubla/.m2/repository/net/sf/jasperreports/jasperreports/7.0.0/jasperreports-7.0.0.jar:/Users/miguelfaubla/.m2/repository/commons-logging/commons-logging/1.3.0/commons-logging-1.3.0.jar:/Users/miguelfaubla/.m2/repository/org/apache/commons/commons-collections4/4.4/commons-collections4-4.4.jar:/Users/miguelfaubla/.m2/repository/com/fasterxml/jackson/core/jackson-core/2.17.1/jackson-core-2.17.1.jar:/Users/miguelfaubla/.m2/repository/com/fasterxml/jackson/core/jackson-annotations/2.17.1/jackson-annotations-2.17.1.jar:/Users/miguelfaubla/.m2/repository/com/fasterxml/jackson/core/jackson-databind/2.17.1/jackson-databind-2.17.1.jar:/Users/miguelfaubla/.m2/repository/com/fasterxml/jackson/dataformat/jackson-dataformat-xml/2.17.1/jackson-dataformat-xml-2.17.1.jar:/Users/miguelfaubla/.m2/repository/org/codehaus/woodstox/stax2-api/4.2.2/stax2-api-4.2.2.jar:/Users/miguelfaubla/.m2/repository/com/fasterxml/woodstox/woodstox-core/6.6.2/woodstox-core-6.6.2.jar:/Users/miguelfaubla/.m2/repository/org/apache/xmlgraphics/batik-anim/1.17/batik-anim-1.17.jar:/Users/miguelfaubla/.m2/repository/org/apache/xmlgraphics/batik-ext/1.17/batik-ext-1.17.jar:/Users/miguelfaubla/.m2/repository/org/apache/xmlgraphics/batik-parser/1.17/batik-parser-1.17.jar:/Users/miguelfaubla/.m2/repository/org/apache/xmlgraphics/batik-shared-resources/1.17/batik-shared-resources-1.17.jar:/Users/miguelfaubla/.m2/repository/org/apache/xmlgraphics/batik-bridge/1.17/batik-bridge-1.17.jar:/Users/miguelfaubla/.m2/repository/org/apache/xmlgraphics/batik-script/1.17/batik-script-1.17.jar:/Users/miguelfaubla/.m2/repository/org/apache/xmlgraphics/batik-xml/1.17/batik-xml-1.17.jar:/Users/miguelfaubla/.m2/repository/org/apache/xmlgraphics/xmlgraphics-commons/2.9/xmlgraphics-commons-2.9.jar:/Users/miguelfaubla/.m2/repository/commons-io/commons-io/2.11.0/commons-io-2.11.0.jar:/Users/miguelfaubla/.m2/repository/org/apache/xmlgraphics/batik-dom/1.17/batik-dom-1.17.jar:/Users/miguelfaubla/.m2/repository/org/apache/xmlgraphics/batik-svg-dom/1.17/batik-svg-dom-1.17.jar:/Users/miguelfaubla/.m2/repository/org/apache/xmlgraphics/batik-awt-util/1.17/batik-awt-util-1.17.jar:/Users/miguelfaubla/.m2/repository/org/apache/xmlgraphics/batik-gvt/1.17/batik-gvt-1.17.jar:/Users/miguelfaubla/.m2/repository/org/apache/xmlgraphics/batik-util/1.17/batik-util-1.17.jar:/Users/miguelfaubla/.m2/repository/org/apache/xmlgraphics/batik-i18n/1.17/batik-i18n-1.17.jar:/Users/miguelfaubla/.m2/repository/org/apache/xmlgraphics/batik-constants/1.17/batik-constants-1.17.jar:/Users/miguelfaubla/.m2/repository/org/apache/xmlgraphics/batik-css/1.17/batik-css-1.17.jar:/Users/miguelfaubla/.m2/repository/xml-apis/xml-apis-ext/1.3.04/xml-apis-ext-1.3.04.jar:/Users/miguelfaubla/.m2/repository/commons-beanutils/commons-beanutils/1.9.4/commons-beanutils-1.9.4.jar:/Users/miguelfaubla/.m2/repository/commons-collections/commons-collections/3.2.2/commons-collections-3.2.2.jar:/Users/miguelfaubla/.m2/repository/org/junit/jupiter/junit-jupiter-api/5.8.2/junit-jupiter-api-5.8.2.jar:/Users/miguelfaubla/.m2/repository/org/opentest4j/opentest4j/1.2.0/opentest4j-1.2.0.jar:/Users/miguelfaubla/.m2/repository/org/junit/platform/junit-platform-commons/1.8.2/junit-platform-commons-1.8.2.jar:/Users/miguelfaubla/.m2/repository/org/apiguardian/apiguardian-api/1.1.2/apiguardian-api-1.1.2.jar:/Users/miguelfaubla/.m2/repository/org/mockito/mockito-core/5.0.0/mockito-core-5.0.0.jar:/Users/miguelfaubla/.m2/repository/net/bytebuddy/byte-buddy/1.12.22/byte-buddy-1.12.22.jar:/Users/miguelfaubla/.m2/repository/net/bytebuddy/byte-buddy-agent/1.12.22/byte-buddy-agent-1.12.22.jar:/Users/miguelfaubla/.m2/repository/org/objenesis/objenesis/3.3/objenesis-3.3.jar:"/>
    <property name="sun.awt.enableExtraMouseButtons" value="true"/>
    <property name="java.vm.vendor" value="Oracle Corporation"/>
    <property name="sun.arch.data.model" value="64"/>
    <property name="java.vendor.url" value="https://java.oracle.com/"/>
    <property name="user.timezone" value="America/Guayaquil"/>
    <property name="os.name" value="Mac OS X"/>
    <property name="java.vm.specification.version" value="20"/>
    <property name="user.country" value="EC"/>
    <property name="sun.java.launcher" value="SUN_STANDARD"/>
    <property name="sun.boot.library.path" value="/Users/miguelfaubla/Library/Java/JavaVirtualMachines/openjdk-20/Contents/Home/lib"/>
    <property name="sun.java.command" value="/Users/miguelfaubla/NetBeansProjects/SistemaInventario/target/surefire/surefirebooter-20240922225121765_3.jar /Users/miguelfaubla/NetBeansProjects/SistemaInventario/target/surefire 2024-09-22T22-51-21_502-jvmRun1 surefire-20240922225121765_1tmp surefire_0-20240922225121765_2tmp"/>
    <property name="http.nonProxyHosts" value="local|*.local|169.254/16|*.169.254/16"/>
    <property name="jdk.debug" value="release"/>
    <property name="surefire.test.class.path" value="/Users/miguelfaubla/NetBeansProjects/SistemaInventario/target/test-classes:/Users/miguelfaubla/NetBeansProjects/SistemaInventario/target/classes:/Users/miguelfaubla/.m2/repository/org/postgresql/postgresql/42.7.4/postgresql-42.7.4.jar:/Users/miguelfaubla/.m2/repository/org/checkerframework/checker-qual/3.42.0/checker-qual-3.42.0.jar:/Users/miguelfaubla/.m2/repository/net/sf/jasperreports/jasperreports/7.0.0/jasperreports-7.0.0.jar:/Users/miguelfaubla/.m2/repository/commons-logging/commons-logging/1.3.0/commons-logging-1.3.0.jar:/Users/miguelfaubla/.m2/repository/org/apache/commons/commons-collections4/4.4/commons-collections4-4.4.jar:/Users/miguelfaubla/.m2/repository/com/fasterxml/jackson/core/jackson-core/2.17.1/jackson-core-2.17.1.jar:/Users/miguelfaubla/.m2/repository/com/fasterxml/jackson/core/jackson-annotations/2.17.1/jackson-annotations-2.17.1.jar:/Users/miguelfaubla/.m2/repository/com/fasterxml/jackson/core/jackson-databind/2.17.1/jackson-databind-2.17.1.jar:/Users/miguelfaubla/.m2/repository/com/fasterxml/jackson/dataformat/jackson-dataformat-xml/2.17.1/jackson-dataformat-xml-2.17.1.jar:/Users/miguelfaubla/.m2/repository/org/codehaus/woodstox/stax2-api/4.2.2/stax2-api-4.2.2.jar:/Users/miguelfaubla/.m2/repository/com/fasterxml/woodstox/woodstox-core/6.6.2/woodstox-core-6.6.2.jar:/Users/miguelfaubla/.m2/repository/org/apache/xmlgraphics/batik-anim/1.17/batik-anim-1.17.jar:/Users/miguelfaubla/.m2/repository/org/apache/xmlgraphics/batik-ext/1.17/batik-ext-1.17.jar:/Users/miguelfaubla/.m2/repository/org/apache/xmlgraphics/batik-parser/1.17/batik-parser-1.17.jar:/Users/miguelfaubla/.m2/repository/org/apache/xmlgraphics/batik-shared-resources/1.17/batik-shared-resources-1.17.jar:/Users/miguelfaubla/.m2/repository/org/apache/xmlgraphics/batik-bridge/1.17/batik-bridge-1.17.jar:/Users/miguelfaubla/.m2/repository/org/apache/xmlgraphics/batik-script/1.17/batik-script-1.17.jar:/Users/miguelfaubla/.m2/repository/org/apache/xmlgraphics/batik-xml/1.17/batik-xml-1.17.jar:/Users/miguelfaubla/.m2/repository/org/apache/xmlgraphics/xmlgraphics-commons/2.9/xmlgraphics-commons-2.9.jar:/Users/miguelfaubla/.m2/repository/commons-io/commons-io/2.11.0/commons-io-2.11.0.jar:/Users/miguelfaubla/.m2/repository/org/apache/xmlgraphics/batik-dom/1.17/batik-dom-1.17.jar:/Users/miguelfaubla/.m2/repository/org/apache/xmlgraphics/batik-svg-dom/1.17/batik-svg-dom-1.17.jar:/Users/miguelfaubla/.m2/repository/org/apache/xmlgraphics/batik-awt-util/1.17/batik-awt-util-1.17.jar:/Users/miguelfaubla/.m2/repository/org/apache/xmlgraphics/batik-gvt/1.17/batik-gvt-1.17.jar:/Users/miguelfaubla/.m2/repository/org/apache/xmlgraphics/batik-util/1.17/batik-util-1.17.jar:/Users/miguelfaubla/.m2/repository/org/apache/xmlgraphics/batik-i18n/1.17/batik-i18n-1.17.jar:/Users/miguelfaubla/.m2/repository/org/apache/xmlgraphics/batik-constants/1.17/batik-constants-1.17.jar:/Users/miguelfaubla/.m2/repository/org/apache/xmlgraphics/batik-css/1.17/batik-css-1.17.jar:/Users/miguelfaubla/.m2/repository/xml-apis/xml-apis-ext/1.3.04/xml-apis-ext-1.3.04.jar:/Users/miguelfaubla/.m2/repository/commons-beanutils/commons-beanutils/1.9.4/commons-beanutils-1.9.4.jar:/Users/miguelfaubla/.m2/repository/commons-collections/commons-collections/3.2.2/commons-collections-3.2.2.jar:/Users/miguelfaubla/.m2/repository/org/junit/jupiter/junit-jupiter-api/5.8.2/junit-jupiter-api-5.8.2.jar:/Users/miguelfaubla/.m2/repository/org/opentest4j/opentest4j/1.2.0/opentest4j-1.2.0.jar:/Users/miguelfaubla/.m2/repository/org/junit/platform/junit-platform-commons/1.8.2/junit-platform-commons-1.8.2.jar:/Users/miguelfaubla/.m2/repository/org/apiguardian/apiguardian-api/1.1.2/apiguardian-api-1.1.2.jar:/Users/miguelfaubla/.m2/repository/org/mockito/mockito-core/5.0.0/mockito-core-5.0.0.jar:/Users/miguelfaubla/.m2/repository/net/bytebuddy/byte-buddy/1.12.22/byte-buddy-1.12.22.jar:/Users/miguelfaubla/.m2/repository/net/bytebuddy/byte-buddy-agent/1.12.22/byte-buddy-agent-1.12.22.jar:/Users/miguelfaubla/.m2/repository/org/objenesis/objenesis/3.3/objenesis-3.3.jar:"/>
    <property name="sun.cpu.endian" value="little"/>
    <property name="user.home" value="/Users/miguelfaubla"/>
    <property name="user.language" value="en"/>
    <property name="java.specification.vendor" value="Oracle Corporation"/>
    <property name="java.version.date" value="2023-03-21"/>
    <property name="java.home" value="/Users/miguelfaubla/Library/Java/JavaVirtualMachines/openjdk-20/Contents/Home"/>
    <property name="file.separator" value="/"/>
    <property name="basedir" value="/Users/miguelfaubla/NetBeansProjects/SistemaInventario"/>
    <property name="java.vm.compressedOopsMode" value="Zero based"/>
    <property name="line.separator" value="&#10;"/>
    <property name="java.vm.specification.vendor" value="Oracle Corporation"/>
    <property name="java.specification.name" value="Java Platform API Specification"/>
    <property name="apple.awt.application.name" value="ForkedBooter"/>
    <property name="surefire.real.class.path" value="/Users/miguelfaubla/NetBeansProjects/SistemaInventario/target/surefire/surefirebooter-20240922225121765_3.jar"/>
    <property name="sun.management.compiler" value="HotSpot 64-Bit Tiered Compilers"/>
    <property name="ftp.nonProxyHosts" value="local|*.local|169.254/16|*.169.254/16"/>
    <property name="java.runtime.version" value="20+36-2344"/>
    <property name="user.name" value="miguelfaubla"/>
    <property name="stdout.encoding" value="UTF-8"/>
    <property name="path.separator" value=":"/>
    <property name="os.version" value="14.6.1"/>
    <property name="java.runtime.name" value="OpenJDK Runtime Environment"/>
    <property name="file.encoding" value="UTF-8"/>
    <property name="java.vm.name" value="OpenJDK 64-Bit Server VM"/>
    <property name="maven.ext.class.path" value="/Applications/Apache NetBeans.app/Contents/Resources/netbeans/java/maven-nblib/netbeans-eventspy.jar"/>
    <property name="localRepository" value="/Users/miguelfaubla/.m2/repository"/>
    <property name="java.vendor.url.bug" value="https://bugreport.java.com/bugreport/"/>
    <property name="java.io.tmpdir" value="/var/folders/5y/b10crgjs3kx6bf2xmwqsc2pr0000gn/T/"/>
    <property name="java.version" value="20"/>
    <property name="user.dir" value="/Users/miguelfaubla/NetBeansProjects/SistemaInventario"/>
    <property name="os.arch" value="x86_64"/>
    <property name="java.vm.specification.name" value="Java Virtual Machine Specification"/>
    <property name="native.encoding" value="UTF-8"/>
    <property name="java.library.path" value="/Users/miguelfaubla/Library/Java/Extensions:/Library/Java/Extensions:/Network/Library/Java/Extensions:/System/Library/Java/Extensions:/usr/lib/java:."/>
    <property name="java.vm.info" value="mixed mode, sharing"/>
    <property name="stderr.encoding" value="UTF-8"/>
    <property name="java.vendor" value="Oracle Corporation"/>
    <property name="java.vm.version" value="20+36-2344"/>
    <property name="sun.io.unicode.encoding" value="UnicodeBig"/>
    <property name="socksNonProxyHosts" value="local|*.local|169.254/16|*.169.254/16"/>
    <property name="java.class.version" value="64.0"/>
  </properties>
  <testcase name="testInsertarProductoEmptyFields" classname="ProductoControllerTest" time="4.366"/>
  <testcase name="testInsertarProductoSuccess" classname="ProductoControllerTest" time="0.93"/>
  <testcase name="testInsertarProductoError" classname="ProductoControllerTest" time="0.55"/>
</testsuite>